Watching for file changes with StatReloader
"GET /login/ HTTP/1.1" 200 3875
"GET /static/images/add.png HTTP/1.1" 200 2890
"POST /login/ HTTP/1.1" 302 0
"GET /login/ HTTP/1.1" 200 3875
"POST /login/ HTTP/1.1" 302 0
"GET /ui/ HTTP/1.1" 200 9266
"GET /static/images/45.png HTTP/1.1" 200 1461964
"GET /home/ HTTP/1.1" 200 22541
"GET /static/images/deleteicon.png HTTP/1.1" 200 796
"GET /static/images/pending.png HTTP/1.1" 200 2040
"GET /static/images/edit.png HTTP/1.1" 200 955
"GET /static/images/completed.png HTTP/1.1" 200 3266
"GET /home/ HTTP/1.1" 200 22541
"GET /home/ HTTP/1.1" 200 22541
C:\Users\Lenovo\Desktop\core\task\apps.py changed, reloading.
Watching for file changes with StatReloader
"GET /home/ HTTP/1.1" 200 22541
"GET /home/ HTTP/1.1" 200 22541
"GET /home/ HTTP/1.1" 200 22541
"GET /home/ HTTP/1.1" 200 22541
"POST /home/ HTTP/1.1" 302 0
"GET /home/ HTTP/1.1" 200 23705
C:\Users\Lenovo\Desktop\core\core\celery.py changed, reloading.
Watching for file changes with StatReloader
C:\Users\Lenovo\Desktop\core\task\tasks.py changed, reloading.
Watching for file changes with StatReloader
"GET /admin/ HTTP/1.1" 302 0
"GET /admin/login/?next=/admin/ HTTP/1.1" 200 3802
"GET /static/admin/img/icon-no.svg HTTP/1.1" 200 560
"POST /admin/login/?next=/admin/ HTTP/1.1" 302 0
"GET /admin/ HTTP/1.1" 200 14506
"GET /admin/django_celery_beat/periodictask/ HTTP/1.1" 200 18963
"GET /static/admin/img/search.svg HTTP/1.1" 200 458
"GET /static/admin/img/icon-yes.svg HTTP/1.1" 200 436
"GET /admin/jsi18n/ HTTP/1.1" 200 3342
"GET /static/admin/img/icon-viewlink.svg HTTP/1.1" 200 581
"GET /admin/ HTTP/1.1" 200 14506
"GET /admin/django_celery_beat/intervalschedule/ HTTP/1.1" 200 13257
"GET /admin/jsi18n/ HTTP/1.1" 200 3342
"GET /admin/django_celery_beat/intervalschedule/add/ HTTP/1.1" 200 16731
"GET /admin/jsi18n/ HTTP/1.1" 200 3342
"POST /admin/django_celery_beat/intervalschedule/add/ HTTP/1.1" 302 0
"GET /admin/django_celery_beat/intervalschedule/ HTTP/1.1" 200 13793
"GET /admin/jsi18n/ HTTP/1.1" 200 3342
"GET /admin/django_celery_beat/intervalschedule/add/ HTTP/1.1" 200 16731
"GET /admin/django_celery_beat/intervalschedule/ HTTP/1.1" 200 13561
"GET /admin/ HTTP/1.1" 200 14884
"GET /admin/django_celery_beat/periodictask/ HTTP/1.1" 200 18963
"GET /admin/jsi18n/ HTTP/1.1" 200 3342
"GET /admin/django_celery_beat/periodictask/add/ HTTP/1.1" 200 37069
"GET /static/admin/js/calendar.js HTTP/1.1" 200 9141
"GET /static/admin/js/admin/DateTimeShortcuts.js HTTP/1.1" 200 19319
"GET /admin/jsi18n/ HTTP/1.1" 200 3342
"GET /static/admin/img/icon-clock.svg HTTP/1.1" 200 677
"GET /static/admin/img/icon-calendar.svg HTTP/1.1" 200 1086
"POST /admin/django_celery_beat/periodictask/add/ HTTP/1.1" 302 0
"GET /admin/django_celery_beat/periodictask/ HTTP/1.1" 200 19977
"GET /admin/jsi18n/ HTTP/1.1" 200 3342
"GET /home/ HTTP/1.1" 200 11196
"GET /logout/ HTTP/1.1" 302 0
"GET /login/ HTTP/1.1" 200 3875
Watching for file changes with StatReloader
"GET /login/ HTTP/1.1" 200 3875
"POST /login/ HTTP/1.1" 302 0
"GET /ui/ HTTP/1.1" 200 9266
"GET /home/ HTTP/1.1" 200 24866
C:\Users\Lenovo\Desktop\core\task\tasks.py changed, reloading.
Watching for file changes with StatReloader
C:\Users\Lenovo\Desktop\core\core\settings.py changed, reloading.
Watching for file changes with StatReloader
C:\Users\Lenovo\Desktop\core\core\settings.py changed, reloading.
Watching for file changes with StatReloader
C:\Users\Lenovo\Desktop\core\task\tasks.py changed, reloading.
Watching for file changes with StatReloader
C:\Users\Lenovo\Desktop\core\core\settings.py changed, reloading.
Watching for file changes with StatReloader
Watching for file changes with StatReloader
"GET /home/ HTTP/1.1" 200 24866
"GET /home/ HTTP/1.1" 200 25014
"GET /home/ HTTP/1.1" 200 25012
"GET /home/ HTTP/1.1" 200 25008
"GET /home/ HTTP/1.1" 200 25008
- Broken pipe from ('127.0.0.1', 52860)
"GET /home/ HTTP/1.1" 200 25008
"GET /home/ HTTP/1.1" 200 25008
"GET /home/ HTTP/1.1" 200 25008
"GET /home/ HTTP/1.1" 200 25008
"GET /home/ HTTP/1.1" 200 25008
"GET /home/ HTTP/1.1" 200 24997
"GET /home/ HTTP/1.1" 200 25008
"GET /home/ HTTP/1.1" 200 25004
"GET /home/ HTTP/1.1" 200 25073
"GET /home/ HTTP/1.1" 200 25073
"GET /home/ HTTP/1.1" 200 25073
"GET /home/ HTTP/1.1" 200 25073
"GET /home/ HTTP/1.1" 200 25076
"GET /home/ HTTP/1.1" 200 25076
"GET /home/ HTTP/1.1" 200 25109
"GET /home/ HTTP/1.1" 200 25106
"GET /home/ HTTP/1.1" 200 25106
"GET /home/ HTTP/1.1" 200 25106
"GET /home/ HTTP/1.1" 200 25106
"GET /home/ HTTP/1.1" 200 25106
"GET /home/ HTTP/1.1" 200 25106
"GET /logout/ HTTP/1.1" 302 0
"GET /login/ HTTP/1.1" 200 3875
"GET /register/ HTTP/1.1" 200 4990
"GET /static/images/regi_ilu.png HTTP/1.1" 200 938348
"GET /register/ HTTP/1.1" 200 4991
"GET /register/ HTTP/1.1" 200 4991
"POST /register/ HTTP/1.1" 302 0
"GET /register/ HTTP/1.1" 200 5175
"GET /login/ HTTP/1.1" 200 3875
"POST /login/ HTTP/1.1" 302 0
"GET /ui/ HTTP/1.1" 200 9267
"GET /home/ HTTP/1.1" 200 10528
"POST /home/ HTTP/1.1" 302 0
"GET /home/ HTTP/1.1" 200 11692
"POST /home/ HTTP/1.1" 302 0
"GET /home/ HTTP/1.1" 200 12509
"POST /home/ HTTP/1.1" 302 0
"GET /home/ HTTP/1.1" 200 13673
"POST /home/ HTTP/1.1" 302 0
"GET /home/ HTTP/1.1" 200 14490
"GET /update_status/149/ HTTP/1.1" 302 0
"GET /home/ HTTP/1.1" 200 14237
C:\Users\Lenovo\Desktop\core\task\views.py changed, reloading.
Watching for file changes with StatReloader
C:\Users\Lenovo\Desktop\core\task\views.py changed, reloading.
Watching for file changes with StatReloader
"GET /home/ HTTP/1.1" 200 14237
"GET /home/ HTTP/1.1" 200 14237
"GET /home/ HTTP/1.1" 200 14237
"GET /home/ HTTP/1.1" 200 14237
"GET /home/ HTTP/1.1" 200 14237
"GET /home/ HTTP/1.1" 200 14237
"GET /home/ HTTP/1.1" 200 14237
"GET /home/ HTTP/1.1" 200 14237
"GET /home/ HTTP/1.1" 200 14237
"GET /home/ HTTP/1.1" 200 14237
"GET /home/ HTTP/1.1" 200 14237
"GET /home/ HTTP/1.1" 200 14237
"GET /home/ HTTP/1.1" 200 14237
"GET /home/ HTTP/1.1" 200 14237
"GET /home/ HTTP/1.1" 200 14237
"GET /home/ HTTP/1.1" 200 14237
"GET /home/ HTTP/1.1" 200 14237
"GET /home/ HTTP/1.1" 200 14237
"GET /home/ HTTP/1.1" 200 14237
"GET /home/ HTTP/1.1" 200 14237
"GET /home/ HTTP/1.1" 200 14237
"GET /home/ HTTP/1.1" 200 14237
"GET /home/ HTTP/1.1" 200 14237
"GET /home/ HTTP/1.1" 200 14237
"GET /home/ HTTP/1.1" 200 14237
"GET /home/ HTTP/1.1" 200 14237
"GET /home/ HTTP/1.1" 200 14237
"GET /home/ HTTP/1.1" 200 14237
"GET /home/ HTTP/1.1" 200 14237
"GET /home/ HTTP/1.1" 200 14237
"GET /home/ HTTP/1.1" 200 14237
"GET /home/ HTTP/1.1" 200 14237
"GET /home/ HTTP/1.1" 200 14237
"GET /home/ HTTP/1.1" 200 14237
"GET /home/ HTTP/1.1" 200 14237
"GET /home/ HTTP/1.1" 200 14237
"GET /home/ HTTP/1.1" 200 14237
"GET /home/ HTTP/1.1" 200 14237
"GET /home/ HTTP/1.1" 200 14237
"GET /home/ HTTP/1.1" 200 14237
"GET /home/ HTTP/1.1" 200 14237
"GET /home/ HTTP/1.1" 200 14237
"GET /home/ HTTP/1.1" 200 14237
"GET /home/ HTTP/1.1" 200 14237
"GET /home/ HTTP/1.1" 200 14237
"GET /home/ HTTP/1.1" 200 14237
"GET /home/ HTTP/1.1" 200 14237
"GET /home/ HTTP/1.1" 200 14237
"GET /home/ HTTP/1.1" 200 14237
"GET /home/ HTTP/1.1" 200 14237
"GET /home/ HTTP/1.1" 200 14237
"GET /home/ HTTP/1.1" 200 14237
"GET /home/ HTTP/1.1" 200 14237
"GET /home/ HTTP/1.1" 200 14237
"GET /home/ HTTP/1.1" 200 14237
"GET /home/ HTTP/1.1" 200 14237
"GET /home/ HTTP/1.1" 200 14237
"GET /home/ HTTP/1.1" 200 14237
"GET /home/ HTTP/1.1" 200 14237
"GET /home/ HTTP/1.1" 200 14237
"GET /home/ HTTP/1.1" 200 14237
"GET /home/ HTTP/1.1" 200 14237
"GET /home/ HTTP/1.1" 200 14237
"GET /home/ HTTP/1.1" 200 14237
"GET /home/ HTTP/1.1" 200 14237
"GET /home/ HTTP/1.1" 200 14237
"GET /home/ HTTP/1.1" 200 14237
"GET /home/ HTTP/1.1" 200 14237
"GET /home/ HTTP/1.1" 200 14237
"GET /home/ HTTP/1.1" 200 14237
"GET /home/ HTTP/1.1" 200 14237
"GET /home/ HTTP/1.1" 200 14237
"GET /home/ HTTP/1.1" 200 14237
"GET /home/ HTTP/1.1" 200 14237
"GET /home/ HTTP/1.1" 200 14237
"GET /home/ HTTP/1.1" 200 14237
"GET /home/ HTTP/1.1" 200 14237
"GET /home/ HTTP/1.1" 200 14237
"GET /home/ HTTP/1.1" 200 14237
"GET /home/ HTTP/1.1" 200 14237
"GET /home/ HTTP/1.1" 200 14237
"GET /home/ HTTP/1.1" 200 14237
"GET /home/ HTTP/1.1" 200 14237
"GET /home/ HTTP/1.1" 200 14237
"GET /home/ HTTP/1.1" 200 14237
C:\Users\Lenovo\Desktop\core\task\tasks.py changed, reloading.
Watching for file changes with StatReloader
C:\Users\Lenovo\Desktop\core\task\tasks.py changed, reloading.
Watching for file changes with StatReloader
C:\Users\Lenovo\Desktop\core\task\tasks.py changed, reloading.
Watching for file changes with StatReloader
"GET /home/ HTTP/1.1" 200 14237
"POST /home/ HTTP/1.1" 302 0
"GET /home/ HTTP/1.1" 200 15401
"GET /home/ HTTP/1.1" 200 15401
"GET /home/ HTTP/1.1" 200 15401
"GET /home/ HTTP/1.1" 200 15401
"GET /home/ HTTP/1.1" 200 16095
"GET /home/ HTTP/1.1" 200 16095
"GET /home/ HTTP/1.1" 200 16095
"GET /home/ HTTP/1.1" 200 16095
"GET /home/ HTTP/1.1" 200 16095
"POST /home/ HTTP/1.1" 302 0
"GET /home/ HTTP/1.1" 200 16912
"GET /update_status/150/ HTTP/1.1" 302 0
"GET /home/ HTTP/1.1" 200 16659
"GET /home/ HTTP/1.1" 200 16659
"GET /home/ HTTP/1.1" 200 16655
"GET /home/ HTTP/1.1" 200 16651
"GET /home/ HTTP/1.1" 200 16651
"GET /home/ HTTP/1.1" 200 16651
"GET /home/ HTTP/1.1" 200 16657
"GET /home/ HTTP/1.1" 200 16656
"GET /static/images/schedule.png HTTP/1.1" 200 1075
"GET /home/ HTTP/1.1" 200 16656
"GET /home/ HTTP/1.1" 200 16683
"GET /static/images/schedule.png HTTP/1.1" 304 0
"GET /home/ HTTP/1.1" 200 16683
"GET /home/ HTTP/1.1" 200 16683
"GET /home/ HTTP/1.1" 200 16683
"GET /home/ HTTP/1.1" 200 16683
"GET /home/ HTTP/1.1" 200 16679
"GET /static/images/schedule.png HTTP/1.1" 304 0
"GET /home/ HTTP/1.1" 200 16689
C:\Users\Lenovo\Desktop\core\task\tasks.py changed, reloading.
Watching for file changes with StatReloader
"GET /admin/ HTTP/1.1" 302 0
"GET /admin/login/?next=/admin/ HTTP/1.1" 200 3681
"POST /admin/login/?next=/admin/ HTTP/1.1" 302 0
"GET /admin/ HTTP/1.1" 200 15278
"GET /admin/django_celery_beat/intervalschedule/ HTTP/1.1" 200 13561
"GET /admin/jsi18n/ HTTP/1.1" 200 3342
"GET /admin/django_celery_beat/intervalschedule/2/change/ HTTP/1.1" 200 18277
"GET /admin/jsi18n/ HTTP/1.1" 200 3342
"POST /admin/django_celery_beat/intervalschedule/2/change/ HTTP/1.1" 302 0
"GET /admin/django_celery_beat/intervalschedule/ HTTP/1.1" 200 13792
"GET /admin/jsi18n/ HTTP/1.1" 200 3342
"GET /admin/ HTTP/1.1" 200 15660
"GET /admin/django_celery_beat/solarschedule/ HTTP/1.1" 200 11957
"GET /admin/jsi18n/ HTTP/1.1" 200 3342
"GET /admin/ HTTP/1.1" 200 15660
"GET /admin/django_celery_beat/periodictask/ HTTP/1.1" 200 19726
"GET /admin/jsi18n/ HTTP/1.1" 200 3342
"GET /admin/django_celery_beat/periodictask/3/change/ HTTP/1.1" 200 37428
"GET /admin/jsi18n/ HTTP/1.1" 200 3342
"POST /admin/django_celery_beat/periodictask/3/change/ HTTP/1.1" 302 0
"GET /admin/django_celery_beat/periodictask/ HTTP/1.1" 200 19975
"GET /admin/jsi18n/ HTTP/1.1" 200 3342
"GET /admin/ HTTP/1.1" 200 16058
"GET /admin/django_celery_beat/intervalschedule/ HTTP/1.1" 200 13559
"GET /admin/jsi18n/ HTTP/1.1" 200 3342
"GET /admin/django_celery_beat/intervalschedule/2/change/ HTTP/1.1" 200 18272
"GET /admin/jsi18n/ HTTP/1.1" 200 3342
"GET /admin/django_celery_beat/intervalschedule/ HTTP/1.1" 200 13559
"GET /admin/ HTTP/1.1" 200 16058
"GET /admin/django_celery_beat/periodictask/ HTTP/1.1" 200 19726
"GET /admin/jsi18n/ HTTP/1.1" 200 3342
"GET /admin/django_celery_beat/periodictask/3/change/ HTTP/1.1" 200 37428
"GET /admin/jsi18n/ HTTP/1.1" 200 3342
"POST /admin/django_celery_beat/periodictask/3/change/ HTTP/1.1" 302 0
"GET /admin/django_celery_beat/periodictask/ HTTP/1.1" 200 19990
"GET /admin/jsi18n/ HTTP/1.1" 200 3342
"GET /admin/django_celery_beat/periodictask/2/change/ HTTP/1.1" 200 37463
"GET /admin/jsi18n/ HTTP/1.1" 200 3342
"GET /admin/django_celery_beat/periodictask/2/history/ HTTP/1.1" 200 10923
"GET /admin/django_celery_beat/periodictask/2/history/ HTTP/1.1" 200 10923
"GET /admin/django_celery_beat/periodictask/2/history/ HTTP/1.1" 200 10923
"GET /admin/django_celery_beat/periodictask/2/change/ HTTP/1.1" 200 37463
"GET /admin/django_celery_beat/periodictask/ HTTP/1.1" 200 19736
"GET /admin/django_celery_beat/periodictask/ HTTP/1.1" 200 19736
"GET /admin/jsi18n/ HTTP/1.1" 200 3342
"GET /home/ HTTP/1.1" 200 11364
"GET /static/images/schedule.png HTTP/1.1" 304 0
"GET /logout/ HTTP/1.1" 302 0
"GET /login/ HTTP/1.1" 200 3875
"POST /login/ HTTP/1.1" 302 0
"GET /ui/ HTTP/1.1" 200 9267
"GET /home/ HTTP/1.1" 200 16689
"POST /home/ HTTP/1.1" 302 0
"GET /home/ HTTP/1.1" 200 17855
"GET /home/ HTTP/1.1" 200 17855
"GET /static/images/schedule.png HTTP/1.1" 304 0
"GET /home/ HTTP/1.1" 200 17855
"GET /home/ HTTP/1.1" 200 17855
"GET /home/ HTTP/1.1" 200 17855
"GET /home/ HTTP/1.1" 200 17855
C:\Users\Lenovo\Desktop\core\task\apps.py changed, reloading.
Watching for file changes with StatReloader
C:\Users\Lenovo\Desktop\core\task\apps.py changed, reloading.
Watching for file changes with StatReloader
C:\Users\Lenovo\Desktop\core\core\settings.py changed, reloading.
Watching for file changes with StatReloader
"GET /home/ HTTP/1.1" 200 17855
"GET /static/images/schedule.png HTTP/1.1" 304 0
C:\Users\Lenovo\Desktop\core\task\tasks.py changed, reloading.
Watching for file changes with StatReloader
C:\Users\Lenovo\Desktop\core\task\tasks.py changed, reloading.
Watching for file changes with StatReloader
"GET /update_status/151/ HTTP/1.1" 302 0
"GET /home/ HTTP/1.1" 200 17601
"GET /static/images/schedule.png HTTP/1.1" 304 0
"GET /home/ HTTP/1.1" 200 17601
Watching for file changes with StatReloader
"GET /home/ HTTP/1.1" 200 17601
C:\Users\Lenovo\Desktop\core\task\tasks.py changed, reloading.
Watching for file changes with StatReloader
C:\Users\Lenovo\Desktop\core\task\tasks.py changed, reloading.
Watching for file changes with StatReloader
"GET /home/ HTTP/1.1" 200 17601
"GET /static/images/schedule.png HTTP/1.1" 304 0
C:\Users\Lenovo\Desktop\core\core\celery.py changed, reloading.
Watching for file changes with StatReloader
C:\Users\Lenovo\Desktop\core\task\tasks.py changed, reloading.
Watching for file changes with StatReloader
"GET /home/ HTTP/1.1" 200 17601
"GET /home/ HTTP/1.1" 200 17601
"GET /home/ HTTP/1.1" 200 17601
"GET /home/ HTTP/1.1" 200 17601
"GET /home/ HTTP/1.1" 200 17601
"GET /home/ HTTP/1.1" 200 17601
"GET /home/ HTTP/1.1" 200 17601
C:\Users\Lenovo\Desktop\core\task\tasks.py changed, reloading.
Watching for file changes with StatReloader
C:\Users\Lenovo\Desktop\core\task\tasks.py changed, reloading.
Watching for file changes with StatReloader
C:\Users\Lenovo\Desktop\core\task\tasks.py changed, reloading.
Watching for file changes with StatReloader
C:\Users\Lenovo\Desktop\core\core\celery.py changed, reloading.
Watching for file changes with StatReloader
C:\Users\Lenovo\Desktop\core\task\tasks.py changed, reloading.
Watching for file changes with StatReloader
C:\Users\Lenovo\Desktop\core\task\tasks.py changed, reloading.
Watching for file changes with StatReloader
C:\Users\Lenovo\Desktop\core\task\tasks.py changed, reloading.
Watching for file changes with StatReloader
C:\Users\Lenovo\Desktop\core\core\settings.py changed, reloading.
